<?xml version="1.0" encoding="UTF-8"?>
<testsuite name="ErrorHandlingTest" tests="11" skipped="0" failures="0" errors="0" timestamp="2023-10-06T11:29:35" hostname="kubuntu-datta" time="0.148">
  <properties/>
  <testcase name="testThrowIllegalArgumentExceptionWithDetailMessage" classname="ErrorHandlingTest" time="0.101"/>
  <testcase name="testReturnOptionalInstance" classname="ErrorHandlingTest" time="0.005"/>
  <testcase name="testThrowCustomUncheckedException" classname="ErrorHandlingTest" time="0.003"/>
  <testcase name="testThrowCustomCheckedExceptionWithDetailMessage" classname="ErrorHandlingTest" time="0.002"/>
  <testcase name="testThrowCustomUncheckedExceptionWithDetailMessage" classname="ErrorHandlingTest" time="0.002"/>
  <testcase name="testThrowIllegalArgumentException" classname="ErrorHandlingTest" time="0.001"/>
  <testcase name="testThrowAnyUncheckedException" classname="ErrorHandlingTest" time="0.002"/>
  <testcase name="testThrowAnyCheckedExceptionWithDetailMessage" classname="ErrorHandlingTest" time="0.002"/>
  <testcase name="testThrowAnyCheckedException" classname="ErrorHandlingTest" time="0.006"/>
  <testcase name="testThrowAnyUncheckedExceptionWithDetailMessage" classname="ErrorHandlingTest" time="0.002"/>
  <testcase name="testThrowCustomCheckedException" classname="ErrorHandlingTest" time="0.009"/>
  <system-out><![CDATA[CustomCheckedException class
]]></system-out>
  <system-err><![CDATA[]]></system-err>
</testsuite>
