<?xml version="1.0" encoding="UTF-8"?>
<testsuite name="ResistorColorTest" tests="4" skipped="0" failures="0" errors="0" timestamp="2023-10-06T08:05:54" hostname="kubuntu-datta" time="0.139">
  <properties/>
  <testcase name="testWhiteColorCode" classname="ResistorColorTest" time="0.093"/>
  <testcase name="testColors" classname="ResistorColorTest" time="0.026"/>
  <testcase name="testBlackColorCode" classname="ResistorColorTest" time="0.001"/>
  <testcase name="testOrangeColorCode" classname="ResistorColorTest" time="0.001"/>
  <system-out><![CDATA[]]></system-out>
  <system-err><![CDATA[]]></system-err>
</testsuite>
