<?xml version="1.0" encoding="UTF-8"?>
<testsuite name="RnaTranscriptionTest" tests="1" skipped="0" failures="0" errors="0" timestamp="2023-10-07T08:25:22" hostname="linux-datta" time="0.21">
  <properties/>
  <testcase name="testRnaTranscription" classname="RnaTranscriptionTest" time="0.21"/>
  <system-out><![CDATA[]]></system-out>
  <system-err><![CDATA[]]></system-err>
</testsuite>
