<?xml version="1.0" encoding="UTF-8"?>
<testsuite name="TwoferTest" tests="3" skipped="0" failures="0" errors="0" timestamp="2023-10-06T07:26:30" hostname="kubuntu-datta" time="0.116">
  <properties/>
  <testcase name="noNameGiven" classname="TwoferTest" time="0.097"/>
  <testcase name="aNameGiven" classname="TwoferTest" time="0.017"/>
  <testcase name="anotherNameGiven" classname="TwoferTest" time="0.001"/>
  <system-out><![CDATA[]]></system-out>
  <system-err><![CDATA[]]></system-err>
</testsuite>
